Reading results.csv
--------------------
ins_cycles
--------------------
['v1', 'v2', 'v3', 'v4', 'v5', 'v6', 'v7', 'v8', 'v9', 'v10', 'v11', 'v12', 'v13']
['instructions-mean', 'cycles-mean']
[165273532.43799999, 80381078.588, 80381099.385000005, 373214847.167, 80381075.283000007, 51530641.571999997, 51587951.983000003, 51530639.853, 4110322.6919999998, 4106145.4330000002, 4106145.5129999998, 3824367.5920000002, 3826327.0010000002]
[205538934.15200001, 164799332.89399999, 165252643.47499999, 283028890.91799998, 164788030.21599999, 171111363.088, 164960012.38999999, 171055871.87599999, 9427942.6919999998, 9402391.1799999997, 9402162.1600000001, 7897775.2139999997, 7463829.9649999999]
--------------------
branches
--------------------
['v1', 'v2', 'v3', 'v4', 'v5', 'v6', 'v7', 'v8', 'v9', 'v10', 'v11', 'v12', 'v13']
['branches-mean', 'branch-misses-mean']
[39288310.438000001, 30404344.541000001, 30404366.291000001, 89345984.878000006, 30404341.192000002, 15960279.713, 15960278.543, 15960278.142000001, 944751.77800000005, 927352.51800000004, 927352.59499999997, 809050.74699999997, 762058.13]
[817020.196, 522065.435, 524948.94200000004, 1285187.6580000001, 521640.58000000002, 856137.55099999998, 533023.91799999995, 856026.19299999997, 70725.042000000001, 72493.917000000001, 72499.982999999993, 66906.448999999993, 62836.586000000003]
--------------------
cache
--------------------
['v1', 'v2', 'v3', 'v4', 'v5', 'v6', 'v7', 'v8', 'v9', 'v10', 'v11', 'v12', 'v13']
['L1-dcache-loads-mean', 'L1-dcache-load-misses-mean']
[57874831.729999997, 45611837.342, 45699529.770999998, 83576364.306999996, 45605269.910999998, 45389986.908, 45853762.505999997, 45387675.225000001, 2457394.094, 2467008.4240000001, 2467629.8930000002, 1971015.2949999999, 1947664.2290000001]
[5934008.0130000003, 21293087.633000001, 21336367.335000001, 35309409.484999999, 21293433.561999999, 20712319.033, 21172132.442000002, 20738155.776000001, 357199.40100000001, 357685.522, 357665.67200000002, 262069.70499999999, 216208.03700000001]
--------------------
seconds
--------------------
['v1', 'v2', 'v3', 'v4', 'v5', 'v6', 'v7', 'v8', 'v9', 'v10', 'v11', 'v12', 'v13']
['seconds-mean']
[0.074669429840000009, 0.059809197765999994, 0.065318840456999996, 0.10001252490699999, 0.059022880371000001, 0.061870620865000003, 0.059565466069999996, 0.061159128429999994, 0.0066315469829999994, 0.0070205907750000001, 0.0067233647320000004, 0.0057911700130000004, 0.0058095907050000001]
--------------------
summary
--------------------
['v1', 'v2', 'v3', 'v4', 'v5', 'v6', 'v7', 'v8', 'v9', 'v10', 'v11', 'v12', 'v13']
['instructions-mean', 'cycles-mean', 'branches-mean', 'branch-misses-mean', 'L1-dcache-loads-mean', 'L1-dcache-load-misses-mean']
[165273532.43799999, 80381078.588, 80381099.385000005, 373214847.167, 80381075.283000007, 51530641.571999997, 51587951.983000003, 51530639.853, 4110322.6919999998, 4106145.4330000002, 4106145.5129999998, 3824367.5920000002, 3826327.0010000002]
[205538934.15200001, 164799332.89399999, 165252643.47499999, 283028890.91799998, 164788030.21599999, 171111363.088, 164960012.38999999, 171055871.87599999, 9427942.6919999998, 9402391.1799999997, 9402162.1600000001, 7897775.2139999997, 7463829.9649999999]
[39288310.438000001, 30404344.541000001, 30404366.291000001, 89345984.878000006, 30404341.192000002, 15960279.713, 15960278.543, 15960278.142000001, 944751.77800000005, 927352.51800000004, 927352.59499999997, 809050.74699999997, 762058.13]
[817020.196, 522065.435, 524948.94200000004, 1285187.6580000001, 521640.58000000002, 856137.55099999998, 533023.91799999995, 856026.19299999997, 70725.042000000001, 72493.917000000001, 72499.982999999993, 66906.448999999993, 62836.586000000003]
[57874831.729999997, 45611837.342, 45699529.770999998, 83576364.306999996, 45605269.910999998, 45389986.908, 45853762.505999997, 45387675.225000001, 2457394.094, 2467008.4240000001, 2467629.8930000002, 1971015.2949999999, 1947664.2290000001]
[5934008.0130000003, 21293087.633000001, 21336367.335000001, 35309409.484999999, 21293433.561999999, 20712319.033, 21172132.442000002, 20738155.776000001, 357199.40100000001, 357685.522, 357665.67200000002, 262069.70499999999, 216208.03700000001]
